producer ready
Server Listening on port 3001
(node:18185) DeprecationWarning: current URL string parser is deprecated, and will be removed in a future version. To use the new parser, pass option { useNewUrlParser: true } to MongoClient.connect.
Inside Login Post Request
ug@gmail.com
in make request
{ emailaddress: 'ug@gmail.com', password: '4044' }
traveler_login
{ emailaddress: 'ug@gmail.com', password: '4044' }
1
returning next
in response
payloads [ { topic: 'traveler_login',
    messages:
     '{"correlationId":"0c2e831be9cf25b2b269901dc02a3fec","replyTo":"response_topic","data":{"emailaddress":"ug@gmail.com","password":"4044"}}',
    partition: 0 } ]
in response1
true
client ready!
in response2
In producer send { traveler_login: { '0': 0 } }
msg received
response { username: 'ug@gmail.com',
  token:
   'eyJhbGciOiJIUzI1NiIsInR5cCI6IkpXVCJ9.eyJfaWQiOiI1YmNhN2Q1NmJiMzQ3YjA0ZjA4OWZmODQiLCJVc2VyVHlwZSI6InRyYXZlbGVyIiwiZmlyc3ROYW1lIjoiVWpqYXdhMTExIiwibGFzdE5hbWUiOiJHYXJnMTIzNCIsImVtYWlsYWRkcmVzcyI6InVnQGdtYWlsLmNvbSIsInBhc3N3b3JkIjoiJDJiJDEwJEF5clNqSkZ1cXJpLjBTVlo4TUZ6R3VNeEZFN2hHRUNDei9GbzUvaUs1aUxZMkNpM3N6c3FtIiwiX192IjowLCJhYm91dG1lIjoiSSBhbSBhIHBhc3Npb25hdGUgdHJhdmVsZXIuc2RzZHNkIiwiY2l0eWNvdW50cnkiOiJTYW4gSm9zZSxDYWxpZm9ybmlhIiwiY29tcGFueSI6IkluZm9zeXMiLCJnZW5kZXIiOiIiLCJob21ldG93biI6IlJhamtvdCIsImxhbmd1YWdlcyI6IlVQIGthIEhpbmRpLCBBbmdyZWppLCBUaG9kYSBzYSBCaWhhcmkiLCJzY2hvb2wiOiJXaXNkb20gSGlnaCIsInByb2ZpbGVfaW1hZ2UiOiI1Nzg4ZDU4ZWY2YTY3MGViYTk1OGE5NjMzZjM5NGYzMC5qcGciLCJpYXQiOjE1NDExNDg0MzAsImV4cCI6MTU0MTE1ODUxMH0.VBy58c24Y2AxPboAD4Sv3xtyMF6TcwymnC7MFY0xj48' }
in result
{ username: 'ug@gmail.com',
  token:
   'eyJhbGciOiJIUzI1NiIsInR5cCI6IkpXVCJ9.eyJfaWQiOiI1YmNhN2Q1NmJiMzQ3YjA0ZjA4OWZmODQiLCJVc2VyVHlwZSI6InRyYXZlbGVyIiwiZmlyc3ROYW1lIjoiVWpqYXdhMTExIiwibGFzdE5hbWUiOiJHYXJnMTIzNCIsImVtYWlsYWRkcmVzcyI6InVnQGdtYWlsLmNvbSIsInBhc3N3b3JkIjoiJDJiJDEwJEF5clNqSkZ1cXJpLjBTVlo4TUZ6R3VNeEZFN2hHRUNDei9GbzUvaUs1aUxZMkNpM3N6c3FtIiwiX192IjowLCJhYm91dG1lIjoiSSBhbSBhIHBhc3Npb25hdGUgdHJhdmVsZXIuc2RzZHNkIiwiY2l0eWNvdW50cnkiOiJTYW4gSm9zZSxDYWxpZm9ybmlhIiwiY29tcGFueSI6IkluZm9zeXMiLCJnZW5kZXIiOiIiLCJob21ldG93biI6IlJhamtvdCIsImxhbmd1YWdlcyI6IlVQIGthIEhpbmRpLCBBbmdyZWppLCBUaG9kYSBzYSBCaWhhcmkiLCJzY2hvb2wiOiJXaXNkb20gSGlnaCIsInByb2ZpbGVfaW1hZ2UiOiI1Nzg4ZDU4ZWY2YTY3MGViYTk1OGE5NjMzZjM5NGYzMC5qcGciLCJpYXQiOjE1NDExNDg0MzAsImV4cCI6MTU0MTE1ODUxMH0.VBy58c24Y2AxPboAD4Sv3xtyMF6TcwymnC7MFY0xj48' }
Inside else
Results { username: 'ug@gmail.com',
  token:
   'eyJhbGciOiJIUzI1NiIsInR5cCI6IkpXVCJ9.eyJfaWQiOiI1YmNhN2Q1NmJiMzQ3YjA0ZjA4OWZmODQiLCJVc2VyVHlwZSI6InRyYXZlbGVyIiwiZmlyc3ROYW1lIjoiVWpqYXdhMTExIiwibGFzdE5hbWUiOiJHYXJnMTIzNCIsImVtYWlsYWRkcmVzcyI6InVnQGdtYWlsLmNvbSIsInBhc3N3b3JkIjoiJDJiJDEwJEF5clNqSkZ1cXJpLjBTVlo4TUZ6R3VNeEZFN2hHRUNDei9GbzUvaUs1aUxZMkNpM3N6c3FtIiwiX192IjowLCJhYm91dG1lIjoiSSBhbSBhIHBhc3Npb25hdGUgdHJhdmVsZXIuc2RzZHNkIiwiY2l0eWNvdW50cnkiOiJTYW4gSm9zZSxDYWxpZm9ybmlhIiwiY29tcGFueSI6IkluZm9zeXMiLCJnZW5kZXIiOiIiLCJob21ldG93biI6IlJhamtvdCIsImxhbmd1YWdlcyI6IlVQIGthIEhpbmRpLCBBbmdyZWppLCBUaG9kYSBzYSBCaWhhcmkiLCJzY2hvb2wiOiJXaXNkb20gSGlnaCIsInByb2ZpbGVfaW1hZ2UiOiI1Nzg4ZDU4ZWY2YTY3MGViYTk1OGE5NjMzZjM5NGYzMC5qcGciLCJpYXQiOjE1NDExNDg0MzAsImV4cCI6MTU0MTE1ODUxMH0.VBy58c24Y2AxPboAD4Sv3xtyMF6TcwymnC7MFY0xj48' }
Inside Login Post Request
ug@gmail.com
in make request
{ emailaddress: 'ug@gmail.com', password: '4044' }
traveler_login
{ emailaddress: 'ug@gmail.com', password: '4044' }
in response
payloads [ { topic: 'traveler_login',
    messages:
     '{"correlationId":"fc6d95f798b79128532f132d7a48d920","replyTo":"response_topic","data":{"emailaddress":"ug@gmail.com","password":"4044"}}',
    partition: 0 } ]
in response1
true
in response2
In producer send { traveler_login: { '0': 1 } }
msg received
response { username: 'ug@gmail.com',
  token:
   'eyJhbGciOiJIUzI1NiIsInR5cCI6IkpXVCJ9.eyJfaWQiOiI1YmNhN2Q1NmJiMzQ3YjA0ZjA4OWZmODQiLCJVc2VyVHlwZSI6InRyYXZlbGVyIiwiZmlyc3ROYW1lIjoiVWpqYXdhMTExIiwibGFzdE5hbWUiOiJHYXJnMTIzNCIsImVtYWlsYWRkcmVzcyI6InVnQGdtYWlsLmNvbSIsInBhc3N3b3JkIjoiJDJiJDEwJEF5clNqSkZ1cXJpLjBTVlo4TUZ6R3VNeEZFN2hHRUNDei9GbzUvaUs1aUxZMkNpM3N6c3FtIiwiX192IjowLCJhYm91dG1lIjoiSSBhbSBhIHBhc3Npb25hdGUgdHJhdmVsZXIuc2RzZHNkIiwiY2l0eWNvdW50cnkiOiJTYW4gSm9zZSxDYWxpZm9ybmlhIiwiY29tcGFueSI6IkluZm9zeXMiLCJnZW5kZXIiOiIiLCJob21ldG93biI6IlJhamtvdCIsImxhbmd1YWdlcyI6IlVQIGthIEhpbmRpLCBBbmdyZWppLCBUaG9kYSBzYSBCaWhhcmkiLCJzY2hvb2wiOiJXaXNkb20gSGlnaCIsInByb2ZpbGVfaW1hZ2UiOiI1Nzg4ZDU4ZWY2YTY3MGViYTk1OGE5NjMzZjM5NGYzMC5qcGciLCJpYXQiOjE1NDExNDg2MjUsImV4cCI6MTU0MTE1ODcwNX0.wDPecSfLFP5grHUSaaMT_jof7sfCR7NK3vQA3sgRvAA' }
in result
{ username: 'ug@gmail.com',
  token:
   'eyJhbGciOiJIUzI1NiIsInR5cCI6IkpXVCJ9.eyJfaWQiOiI1YmNhN2Q1NmJiMzQ3YjA0ZjA4OWZmODQiLCJVc2VyVHlwZSI6InRyYXZlbGVyIiwiZmlyc3ROYW1lIjoiVWpqYXdhMTExIiwibGFzdE5hbWUiOiJHYXJnMTIzNCIsImVtYWlsYWRkcmVzcyI6InVnQGdtYWlsLmNvbSIsInBhc3N3b3JkIjoiJDJiJDEwJEF5clNqSkZ1cXJpLjBTVlo4TUZ6R3VNeEZFN2hHRUNDei9GbzUvaUs1aUxZMkNpM3N6c3FtIiwiX192IjowLCJhYm91dG1lIjoiSSBhbSBhIHBhc3Npb25hdGUgdHJhdmVsZXIuc2RzZHNkIiwiY2l0eWNvdW50cnkiOiJTYW4gSm9zZSxDYWxpZm9ybmlhIiwiY29tcGFueSI6IkluZm9zeXMiLCJnZW5kZXIiOiIiLCJob21ldG93biI6IlJhamtvdCIsImxhbmd1YWdlcyI6IlVQIGthIEhpbmRpLCBBbmdyZWppLCBUaG9kYSBzYSBCaWhhcmkiLCJzY2hvb2wiOiJXaXNkb20gSGlnaCIsInByb2ZpbGVfaW1hZ2UiOiI1Nzg4ZDU4ZWY2YTY3MGViYTk1OGE5NjMzZjM5NGYzMC5qcGciLCJpYXQiOjE1NDExNDg2MjUsImV4cCI6MTU0MTE1ODcwNX0.wDPecSfLFP5grHUSaaMT_jof7sfCR7NK3vQA3sgRvAA' }
Inside else
Results { username: 'ug@gmail.com',
  token:
   'eyJhbGciOiJIUzI1NiIsInR5cCI6IkpXVCJ9.eyJfaWQiOiI1YmNhN2Q1NmJiMzQ3YjA0ZjA4OWZmODQiLCJVc2VyVHlwZSI6InRyYXZlbGVyIiwiZmlyc3ROYW1lIjoiVWpqYXdhMTExIiwibGFzdE5hbWUiOiJHYXJnMTIzNCIsImVtYWlsYWRkcmVzcyI6InVnQGdtYWlsLmNvbSIsInBhc3N3b3JkIjoiJDJiJDEwJEF5clNqSkZ1cXJpLjBTVlo4TUZ6R3VNeEZFN2hHRUNDei9GbzUvaUs1aUxZMkNpM3N6c3FtIiwiX192IjowLCJhYm91dG1lIjoiSSBhbSBhIHBhc3Npb25hdGUgdHJhdmVsZXIuc2RzZHNkIiwiY2l0eWNvdW50cnkiOiJTYW4gSm9zZSxDYWxpZm9ybmlhIiwiY29tcGFueSI6IkluZm9zeXMiLCJnZW5kZXIiOiIiLCJob21ldG93biI6IlJhamtvdCIsImxhbmd1YWdlcyI6IlVQIGthIEhpbmRpLCBBbmdyZWppLCBUaG9kYSBzYSBCaWhhcmkiLCJzY2hvb2wiOiJXaXNkb20gSGlnaCIsInByb2ZpbGVfaW1hZ2UiOiI1Nzg4ZDU4ZWY2YTY3MGViYTk1OGE5NjMzZjM5NGYzMC5qcGciLCJpYXQiOjE1NDExNDg2MjUsImV4cCI6MTU0MTE1ODcwNX0.wDPecSfLFP5grHUSaaMT_jof7sfCR7NK3vQA3sgRvAA' }
